<?xml version="1.0" encoding="UTF-8"?>
<testng-results ignored="0" total="1" passed="1" failed="0" skipped="0">
  <reporter-output>
  </reporter-output>
  <suite started-at="2021-06-22T01:16:31Z" name="Default suite" finished-at="2021-06-22T01:16:44Z" duration-ms="13294">
    <groups>
    </groups>
    <test started-at="2021-06-22T01:16:31Z" name="Default test" finished-at="2021-06-22T01:16:44Z" duration-ms="13294">
      <class name="laporan.LaporanDataIbuHamil">
        <test-method signature="data_ibu_hamil_Success()[pri:0, instance:laporan.LaporanDataIbuHamil@79c97cb]" started-at="2021-06-22T01:16:31Z" name="data_ibu_hamil_Success" finished-at="2021-06-22T01:16:44Z" duration-ms="13269" status="PASS">
          <reporter-output>
          </reporter-output>
        </test-method> <!-- data_ibu_hamil_Success -->
      </class> <!-- laporan.LaporanDataIbuHamil -->
    </test> <!-- Default test -->
  </suite> <!-- Default suite -->
</testng-results>
